<?xml version="1.0" encoding="UTF-8"?>
<!-- Generated by org.testng.reporters.JUnitXMLReporter -->
<testsuite ignored="0" hostname="DESKTOP-GE45KKD" failures="0" tests="4" name="Default test" time="23.884" errors="0" timestamp="2023-05-10T02:31:53 IST">
  <testcase classname="com.crm.qa.testcases.WebTest" name="navigateToAmazonPage" time="4.377"/>
  <testcase classname="com.crm.qa.testcases.WebTest" name="searchItem" time="4.373"/>
  <testcase classname="com.crm.qa.testcases.WebTest" name="navigateToProductDetailsPage" time="9.434"/>
  <testcase classname="com.crm.qa.testcases.WebTest" name="addtoCart" time="5.625"/>
</testsuite> <!-- Default test -->
