<?xml version="1.0" encoding="UTF-8"?>
<!-- Generated by org.testng.reporters.JUnitXMLReporter -->
<testsuite ignored="0" hostname="DESKTOP-GE45KKD" failures="0" tests="4" name="Test Cases" time="23.095" errors="0" timestamp="2023-05-10T02:21:35 IST">
  <testcase classname="com.crm.qa.testcases.WebTest" name="navigateToAmazonPage" time="3.729"/>
  <testcase classname="com.crm.qa.testcases.WebTest" name="searchItem" time="4.619"/>
  <testcase classname="com.crm.qa.testcases.WebTest" name="navigateToProductDetailsPage" time="8.186"/>
  <testcase classname="com.crm.qa.testcases.WebTest" name="addtoCart" time="6.494"/>
</testsuite> <!-- Test Cases -->
